#
# A fatal error has been detected by the Java Runtime Environment:
#
#  EXCEPTION_ACCESS_VIOLATION (0xc0000005) at pc=0x0000000072de0a94, pid=12068, tid=12528
#
# JRE version: 6.0_17-b04
# Java VM: Java HotSpot(TM) 64-Bit Server VM (14.3-b01 mixed mode windows-amd64 )
# Problematic frame:
# C  [hdf5dll.dll+0xb0a94]
#
# If you would like to submit a bug report, please visit:
#   http://java.sun.com/webapps/bugreport/crash.jsp
# The crash happened outside the Java Virtual Machine in native code.
# See problematic frame for where to report the bug.
#

---------------  T H R E A D  ---------------

Current thread (0x0000000006626000):  JavaThread "main" [_thread_in_native, id=12528, stack(0x0000000000030000,0x0000000004030000)]

siginfo: ExceptionCode=0xc0000005, writing address 0x0000000000000090

Registers:
EAX=0x0000000000000001, EBX=0x000000007d04f680, ECX=0x0000000000000000, EDX=0x0000000000000001
ESP=0x0000000004028850, EBP=0x000000007cfbf020, ESI=0x000000007d61b250, EDI=0x000000007d04f680
EIP=0x0000000072de0a94, EFLAGS=0x0000000000010202

Top of Stack: (sp=0x0000000004028850)
0x0000000004028850:   0000000000000080 0000000000000080
0x0000000004028860:   00000000000002c9 0000000072eef6f8
0x0000000004028870:   000000000b000000 000000000c000011
0x0000000004028880:   000000000c00001f 000000007d4e34e0
0x0000000004028890:   0000000004028d20 0000000072deeb85
0x00000000040288a0:   0000000000000000 000000007d61b250
0x00000000040288b0:   0000000000000001 0000000072eb7cc6
0x00000000040288c0:   000000000a000008 000000007cfbf020
0x00000000040288d0:   000000007d04f680 0000000004028930
0x00000000040288e0:   0000000000000000 0000000072defc87
0x00000000040288f0:   0000000000000000 00000000040292c0
0x0000000004028900:   000000000a000008 00000000000005b8
0x0000000004028910:   000000000b000000 000000000c000011
0x0000000004028920:   000000000c00001f 0000000072eefbc0
0x0000000004028930:   0000000000100010 0000000000116af8
0x0000000004028940:   00000000000000c0 00030001444f4e53 

Instructions: (pc=0x0000000072de0a94)
0x0000000072de0a84:   8b 05 6e 4d 14 00 ba 01 00 00 00 85 c0 0f 44 c2
0x0000000072de0a94:   48 ff 89 90 00 00 00 89 05 57 4d 14 00 75 56 e8 


Stack: [0x0000000000030000,0x0000000004030000],  sp=0x0000000004028850,  free space=65506k
Native frames: (J=compiled Java code, j=interpreted, Vv=VM code, C=native code)
C  [hdf5dll.dll+0xb0a94]

Java frames: (J=compiled Java code, j=interpreted, Vv=VM code)
j  com.mathworks.mlwidgets.explorer.extensions.matlab.MATFileUtils.nativeGetNext(JLcom/mathworks/mlwidgets/explorer/extensions/matlab/MATFileUtils$StringFunctionInvoker;)Lcom/mathworks/mlwidgets/explorer/extensions/matlab/Variable;+0
j  com.mathworks.mlwidgets.explorer.extensions.matlab.MATFileUtils.read(Ljava/io/File;Lcom/mathworks/util/AsyncReceiver;)V+34
j  com.mathworks.mlwidgets.explorer.extensions.matlab.MATFileDetailPanelData$1.run()V+56
j  com.mathworks.jmi.NativeMatlab.dispatchMTRequests(Z)V+57
v  ~StubRoutines::call_stub

---------------  P R O C E S S  ---------------

Java Threads: ( => current thread )
  0x0000000070197000 JavaThread "Unnamed RequestAggregator Timer" daemon [_thread_blocked, id=8236, stack(0x00000000c8000000,0x00000000cc000000)]
  0x0000000070199800 JavaThread "Image Fetcher 0" daemon [_thread_blocked, id=7276, stack(0x00000000b4000000,0x00000000b8000000)]
  0x000000006a8b7800 JavaThread "FileDecorationCache request queue" daemon [_thread_blocked, id=9768, stack(0x0000000094000000,0x0000000098000000)]
  0x0000000070194800 JavaThread "Thread-56" daemon [_thread_blocked, id=5060, stack(0x0000000164030000,0x0000000168030000)]
  0x0000000070194000 JavaThread "Timer-2" daemon [_thread_blocked, id=11740, stack(0x000000013c000000,0x0000000140000000)]
  0x0000000070195800 JavaThread "Main message loop" daemon [_thread_in_native, id=10844, stack(0x0000000138000000,0x000000013c000000)]
  0x0000000070197800 JavaThread "com.jniwrapper.NativeResourceCollector" daemon [_thread_blocked, id=7932, stack(0x0000000130000000,0x0000000134000000)]
  0x0000000071b5c000 JavaThread "Code Analyzer updating thread" [_thread_blocked, id=2452, stack(0x0000000128000000,0x000000012c000000)]
  0x0000000071b5b800 JavaThread "Code Analyzer updating thread" [_thread_blocked, id=9108, stack(0x0000000124000000,0x0000000128000000)]
  0x0000000071b5a800 JavaThread "Code Analyzer updating thread" [_thread_blocked, id=12380, stack(0x0000000120000000,0x0000000124000000)]
  0x0000000071b5a000 JavaThread "Code Analyzer updating thread" [_thread_blocked, id=10056, stack(0x000000011c000000,0x0000000120000000)]
  0x0000000071b59800 JavaThread "Code Analyzer updating thread" [_thread_blocked, id=12364, stack(0x0000000118000000,0x000000011c000000)]
  0x0000000071b58800 JavaThread "Code Analyzer updating thread" [_thread_blocked, id=13136, stack(0x0000000114000000,0x0000000118000000)]
  0x0000000071b58000 JavaThread "Code Analyzer updating thread" [_thread_blocked, id=13252, stack(0x0000000110000000,0x0000000114000000)]
  0x0000000071b57000 JavaThread "Code Analyzer updating thread" [_thread_blocked, id=8052, stack(0x000000010c000000,0x0000000110000000)]
  0x0000000071b56800 JavaThread "Code Analyzer updating thread" [_thread_blocked, id=4600, stack(0x0000000108000000,0x000000010c000000)]
  0x0000000071b55800 JavaThread "Code Analyzer updating thread" [_thread_blocked, id=12444, stack(0x0000000104000000,0x0000000108000000)]
  0x0000000071b55000 JavaThread "Code Analyzer updating thread" [_thread_blocked, id=9868, stack(0x0000000100000000,0x0000000104000000)]
  0x0000000071b54000 JavaThread "Code Analyzer updating thread" [_thread_blocked, id=12160, stack(0x00000000fc000000,0x0000000100000000)]
  0x0000000071b53800 JavaThread "Code Analyzer updating thread" [_thread_blocked, id=12520, stack(0x00000000f8000000,0x00000000fc000000)]
  0x0000000071b53000 JavaThread "Code Analyzer updating thread" [_thread_blocked, id=10920, stack(0x00000000f4000000,0x00000000f8000000)]
  0x0000000071b51800 JavaThread "Code Analyzer updating thread" [_thread_blocked, id=13212, stack(0x00000000f0000000,0x00000000f4000000)]
  0x0000000071b50800 JavaThread "Code Analyzer updating thread" [_thread_blocked, id=11592, stack(0x00000000ec000000,0x00000000f0000000)]
  0x0000000071b50000 JavaThread "Code Analyzer updating thread" [_thread_blocked, id=12328, stack(0x00000000e8000000,0x00000000ec000000)]
  0x0000000071b4f000 JavaThread "Code Analyzer updating thread" [_thread_blocked, id=10552, stack(0x00000000e4000000,0x00000000e8000000)]
  0x0000000071b4e800 JavaThread "Code Analyzer updating thread" [_thread_blocked, id=9276, stack(0x00000000e0000000,0x00000000e4000000)]
  0x0000000071b4d800 JavaThread "Code Analyzer updating thread" [_thread_blocked, id=4664, stack(0x00000000dc000000,0x00000000e0000000)]
  0x000000006a8c4000 JavaThread "Code Analyzer updating thread" [_thread_blocked, id=9804, stack(0x00000000d8000000,0x00000000dc000000)]
  0x000000006a8c3800 JavaThread "Active Reference Queue Daemon" daemon [_thread_blocked, id=11548, stack(0x00000000d4000000,0x00000000d8000000)]
  0x000000006a8bf000 JavaThread "Timer-1" daemon [_thread_blocked, id=10996, stack(0x00000000bc000000,0x00000000c0000000)]
  0x000000006a8c2800 JavaThread "ClipboardMonitor Timer" daemon [_thread_blocked, id=11496, stack(0x00000000d0000000,0x00000000d4000000)]
  0x000000006a8c2000 JavaThread "Explorer NavigationContext request queue" daemon [_thread_blocked, id=10264, stack(0x00000000cc000000,0x00000000d0000000)]
  0x000000006a8c0800 JavaThread "AddressBar directory emptiness poller" daemon [_thread_blocked, id=11356, stack(0x00000000c4000000,0x00000000c8000000)]
  0x000000006a8bf800 JavaThread "Explorer Refresh Service 412015993" daemon [_thread_blocked, id=10808, stack(0x00000000c0000000,0x00000000c4000000)]
  0x000000006a8be800 JavaThread "Thread-4" daemon [_thread_blocked, id=8324, stack(0x00000000b8000000,0x00000000bc000000)]
  0x000000006a8bd000 JavaThread "TimerQueue" daemon [_thread_blocked, id=11500, stack(0x00000000b0000000,0x00000000b4000000)]
  0x000000006a8ba000 JavaThread "Thread-3" daemon [_thread_blocked, id=7420, stack(0x00000000a0000000,0x00000000a4000000)]
  0x000000006a8bc000 JavaThread "FelixPackageAdmin" daemon [_thread_blocked, id=2784, stack(0x00000000ac000000,0x00000000b0000000)]
  0x000000006a8bb800 JavaThread "FelixStartLevel" daemon [_thread_blocked, id=7372, stack(0x00000000a8000000,0x00000000ac000000)]
  0x000000006a8ba800 JavaThread "FelixDispatchQueue" daemon [_thread_blocked, id=10172, stack(0x00000000a4000000,0x00000000a8000000)]
  0x000000006a8b9000 JavaThread "AWT-EventQueue-0" [_thread_in_Java, id=13148, stack(0x000000009c000000,0x00000000a0000000)]
  0x000000006a8b8800 JavaThread "com.google.common.base.internal.Finalizer" daemon [_thread_blocked, id=2596, stack(0x0000000098000000,0x000000009c000000)]
  0x000000006a8b7000 JavaThread "AWT-Windows" daemon [_thread_in_native, id=12012, stack(0x0000000090000000,0x0000000094000000)]
  0x000000006a8b6800 JavaThread "AWT-Shutdown" [_thread_blocked, id=7884, stack(0x000000008c000000,0x0000000090000000)]
  0x000000006a8b5800 JavaThread "Java2D Disposer" daemon [_thread_blocked, id=2028, stack(0x0000000088000000,0x000000008c000000)]
  0x000000006a8b5000 JavaThread "Timer-0" [_thread_blocked, id=8972, stack(0x0000000084000000,0x0000000088000000)]
  0x000000006a919000 JavaThread "EventMgr Dispatcher" daemon [_thread_in_native, id=13220, stack(0x0000000080000000,0x0000000084000000)]
  0x00000000497dd000 JavaThread "Low Memory Detector" daemon [_thread_blocked, id=13208, stack(0x0000000061820000,0x0000000065820000)]
  0x00000000497d6800 JavaThread "CompilerThread1" daemon [_thread_blocked, id=9436, stack(0x000000005d820000,0x0000000061820000)]
  0x00000000497d0800 JavaThread "CompilerThread0" daemon [_thread_in_native, id=10484, stack(0x0000000059820000,0x000000005d820000)]
  0x00000000497cb000 JavaThread "Attach Listener" daemon [_thread_blocked, id=11632, stack(0x0000000055820000,0x0000000059820000)]
  0x000000004976e000 JavaThread "Finalizer" daemon [_thread_blocked, id=11352, stack(0x0000000051820000,0x0000000055820000)]
  0x0000000049767800 JavaThread "Reference Handler" daemon [_thread_blocked, id=9076, stack(0x000000004d820000,0x0000000051820000)]
=>0x0000000006626000 JavaThread "main" [_thread_in_native, id=12528, stack(0x0000000000030000,0x0000000004030000)]

Other Threads:
  0x0000000049763000 VMThread [stack: 0x0000000049820000,0x000000004d820000] [id=11168]
  0x000000004980e000 WatcherThread [stack: 0x0000000065820000,0x0000000069820000] [id=7260]

VM state:not at safepoint (normal execution)

VM Mutex/Monitor currently owned by a thread: None

Heap
 PSYoungGen      total 155200K, used 22485K [0x000000021ae90000, 0x0000000226960000, 0x000000024be10000)
  eden space 130880K, 5% used [0x000000021ae90000,0x000000021b5613e8,0x0000000222e60000)
  from space 24320K, 63% used [0x0000000222e60000,0x0000000223d84168,0x0000000224620000)
  to   space 24832K, 0% used [0x0000000225120000,0x0000000225120000,0x0000000226960000)
 PSOldGen        total 137280K, used 78439K [0x0000000188010000, 0x0000000190620000, 0x000000021ae90000)
  object space 137280K, 57% used [0x0000000188010000,0x000000018cca9fd8,0x0000000190620000)
 PSPermGen       total 122240K, used 72180K [0x0000000180010000, 0x0000000187770000, 0x0000000188010000)
  object space 122240K, 59% used [0x0000000180010000,0x000000018468d310,0x0000000187770000)

Dynamic libraries:
0x0000000140000000 - 0x0000000140028000 	C:\Program Files\MATLAB\R2013a\bin\win64\MATLAB.exe
0x0000000077930000 - 0x0000000077ad9000 	C:\Windows\SYSTEM32\ntdll.dll
0x0000000077810000 - 0x000000007792f000 	C:\Windows\system32\kernel32.dll
0x000007fefdab0000 - 0x000007fefdb1c000 	C:\Windows\system32\KERNELBASE.dll
0x0000000074460000 - 0x0000000074515000 	C:\Program Files\MATLAB\R2013a\bin\win64\libut.dll
0x00000000758a0000 - 0x000000007595f000 	C:\Program Files\MATLAB\R2013a\bin\win64\libmwi18n.dll
0x0000000180000000 - 0x000000018000d000 	C:\Program Files\MATLAB\R2013a\bin\win64\libmwresource_core.dll
0x0000000071260000 - 0x00000000712f8000 	C:\Program Files\MATLAB\R2013a\bin\win64\MSVCP100.dll
0x0000000071180000 - 0x0000000071252000 	C:\Program Files\MATLAB\R2013a\bin\win64\MSVCR100.dll
0x00000000715d0000 - 0x00000000715de000 	C:\Program Files\MATLAB\R2013a\bin\win64\boost_date_time-vc100-mt-1_49.dll
0x00000000713a0000 - 0x00000000713cc000 	C:\Program Files\MATLAB\R2013a\bin\win64\boost_filesystem-vc100-mt-1_49.dll
0x0000000071390000 - 0x0000000071399000 	C:\Program Files\MATLAB\R2013a\bin\win64\boost_system-vc100-mt-1_49.dll
0x000007feff3f0000 - 0x000007feff4cb000 	C:\Windows\system32\ADVAPI32.dll
0x000007fefef20000 - 0x000007fefefbf000 	C:\Windows\system32\msvcrt.dll
0x000007feff3b0000 - 0x000007feff3cf000 	C:\Windows\SYSTEM32\sechost.dll
0x000007feff520000 - 0x000007feff64d000 	C:\Windows\system32\RPCRT4.dll
0x0000000071360000 - 0x0000000071385000 	C:\Program Files\MATLAB\R2013a\bin\win64\LIBEXPAT.dll
0x000000006e870000 - 0x000000006e9fa000 	C:\Program Files\MATLAB\R2013a\bin\win64\icuin49.dll
0x0000000071040000 - 0x000000007117e000 	C:\Program Files\MATLAB\R2013a\bin\win64\icuuc49.dll
0x000000000fd60000 - 0x0000000010e82000 	C:\Program Files\MATLAB\R2013a\bin\win64\icudt49.dll
0x0000000071350000 - 0x0000000071360000 	C:\Program Files\MATLAB\R2013a\bin\win64\icuio49.dll
0x0000000073f70000 - 0x0000000074112000 	C:\Program Files\MATLAB\R2013a\bin\win64\libmwfl.dll
0x000000007a350000 - 0x000000007a737000 	C:\Program Files\MATLAB\R2013a\bin\win64\libmwMATLAB_res.dll
0x000000006e790000 - 0x000000006e86f000 	C:\Program Files\MATLAB\R2013a\bin\win64\boost_regex-vc100-mt-1_49.dll
0x0000000077710000 - 0x000000007780a000 	C:\Windows\system32\USER32.dll
0x000007feff760000 - 0x000007feff7c7000 	C:\Windows\system32\GDI32.dll
0x000007feff3d0000 - 0x000007feff3de000 	C:\Windows\system32\LPK.dll
0x000007fefdb20000 - 0x000007fefdbe9000 	C:\Windows\system32\USP10.dll
0x000000006e770000 - 0x000000006e781000 	C:\Program Files\MATLAB\R2013a\bin\win64\boost_signals-vc100-mt-1_49.dll
0x000000006e750000 - 0x000000006e761000 	C:\Program Files\MATLAB\R2013a\bin\win64\boost_thread-vc100-mt-1_49.dll
0x000007fef1150000 - 0x000007fef11dc000 	C:\Program Files\MATLAB\R2013a\bin\win64\boost_log-vc100-mt-1_49.dll
0x0000000077b00000 - 0x0000000077b07000 	C:\Windows\system32\PSAPI.DLL
0x000007feff4d0000 - 0x000007feff51d000 	C:\Windows\system32\WS2_32.dll
0x000007feff3e0000 - 0x000007feff3e8000 	C:\Windows\system32\NSI.dll
0x000007fef1710000 - 0x000007fef1743000 	C:\Program Files\MATLAB\R2013a\bin\win64\tbb.dll
0x000007feff390000 - 0x000007feff3a9000 	C:\Windows\system32\imagehlp.dll
0x000007fefbae0000 - 0x000007fefbb0c000 	C:\Windows\system32\POWRPROF.dll
0x000007fefed40000 - 0x000007fefef17000 	C:\Windows\system32\SETUPAPI.dll
0x000007fefda10000 - 0x000007fefda46000 	C:\Windows\system32\CFGMGR32.dll
0x000007feff930000 - 0x000007feffa07000 	C:\Windows\system32\OLEAUT32.dll
0x000007fefea90000 - 0x000007fefec93000 	C:\Windows\system32\ole32.dll
0x000007fefd860000 - 0x000007fefd87a000 	C:\Windows\system32\DEVOBJ.dll
0x0000000004210000 - 0x0000000004231000 	C:\Program Files\MATLAB\R2013a\bin\win64\libmwmfl_scalar.dll
0x000007feefcf0000 - 0x000007feefe15000 	C:\Windows\system32\dbghelp.dll
0x0000000004240000 - 0x000000000456f000 	C:\Program Files\MATLAB\R2013a\bin\win64\libmwservices.dll
0x0000000075a20000 - 0x0000000075b0b000 	C:\Program Files\MATLAB\R2013a\bin\win64\libmx.dll
0x000007fefafd0000 - 0x000007fefaff8000 	C:\Program Files\MATLAB\R2013a\bin\win64\tbbmalloc.dll
0x000000006e730000 - 0x000000006e747000 	C:\Program Files\MATLAB\R2013a\bin\win64\zlib1.dll
0x0000000004570000 - 0x00000000045be000 	C:\Program Files\MATLAB\R2013a\bin\win64\libmwregexp.dll
0x0000000075f10000 - 0x0000000075f57000 	C:\Program Files\MATLAB\R2013a\bin\win64\mpath.dll
0x000000007b680000 - 0x000000007bc66000 	C:\Program Files\MATLAB\R2013a\bin\win64\mlutil.dll
0x00000000754d0000 - 0x0000000075547000 	C:\Program Files\MATLAB\R2013a\bin\win64\xmlcore.dll
0x000000006e4e0000 - 0x000000006e721000 	C:\Program Files\MATLAB\R2013a\bin\win64\xerces-c_2_7.dll
0x00000000045d0000 - 0x00000000045f2000 	C:\Program Files\MATLAB\R2013a\bin\win64\libmwMATLAB_settings_res.dll
0x000007fefb040000 - 0x000007fefb050000 	C:\Program Files\MATLAB\R2013a\bin\win64\boost_iostreams-vc100-mt-1_49.dll
0x000007fef1100000 - 0x000007fef1146000 	C:\Program Files\MATLAB\R2013a\bin\win64\boost_serialization-vc100-mt-1_49.dll
0x000007fefdca0000 - 0x000007fefea28000 	C:\Windows\system32\SHELL32.dll
0x000007fefefc0000 - 0x000007feff031000 	C:\Windows\system32\SHLWAPI.dll
0x0000000004600000 - 0x0000000004606000 	C:\Program Files\MATLAB\R2013a\bin\win64\libmwnativedisplay.dll
0x000007fef92b0000 - 0x000007fef9350000 	C:\Windows\WinSxS\amd64_microsoft.windows.common-controls_6595b64144ccf1df_5.82.7601.18201_none_a4d3b9377117c3df\COMCTL32.dll
0x000007feff040000 - 0x000007feff0d7000 	C:\Windows\system32\COMDLG32.dll
0x000007fefac90000 - 0x000007fefaca6000 	C:\Windows\system32\NETAPI32.dll
0x000007fefcd20000 - 0x000007fefcd2c000 	C:\Windows\system32\netutils.dll
0x000007fefd2c0000 - 0x000007fefd2e3000 	C:\Windows\system32\srvcli.dll
0x000007fefabf0000 - 0x000007fefac05000 	C:\Windows\system32\wkscli.dll
0x0000000074970000 - 0x0000000074a18000 	C:\Program Files\MATLAB\R2013a\bin\win64\mcr.dll
0x0000000075000000 - 0x00000000753b1000 	C:\Program Files\MATLAB\R2013a\bin\win64\iqm.dll
0x0000000074e80000 - 0x0000000074f30000 	C:\Program Files\MATLAB\R2013a\bin\win64\m_dispatcher.dll
0x0000000004610000 - 0x0000000004e18000 	C:\Program Files\MATLAB\R2013a\bin\win64\m_interpreter.dll
0x0000000004e20000 - 0x0000000004e44000 	C:\Program Files\MATLAB\R2013a\bin\win64\libmex.dll
0x0000000075430000 - 0x00000000754ab000 	C:\Program Files\MATLAB\R2013a\bin\win64\profiler.dll
0x0000000004e50000 - 0x00000000050d3000 	C:\Program Files\MATLAB\R2013a\bin\win64\libmwmathutil.dll
0x0000000079f40000 - 0x0000000079f66000 	C:\Program Files\MATLAB\R2013a\bin\win64\libmwmathrng.dll
0x00000000050e0000 - 0x00000000050f0000 	C:\Program Files\MATLAB\R2013a\bin\win64\libmwmfl_rng.dll
0x0000000074c10000 - 0x0000000074cf8000 	C:\Program Files\MATLAB\R2013a\bin\win64\libmwmathcore.dll
0x0000000076160000 - 0x00000000761c3000 	C:\Program Files\MATLAB\R2013a\bin\win64\libmwspmatrix.dll
0x000000007b0a0000 - 0x000000007b2f6000 	C:\Program Files\MATLAB\R2013a\bin\win64\mcos.dll
0x0000000075ea0000 - 0x0000000075f02000 	C:\Program Files\MATLAB\R2013a\bin\win64\libmwcholmod.dll
0x0000000005100000 - 0x000000000510d000 	C:\Program Files\MATLAB\R2013a\bin\win64\libmwamd.dll
0x000000006d810000 - 0x000000006d8b3000 	C:\Windows\WinSxS\amd64_microsoft.vc90.crt_1fc8b3b9a1e18e3b_9.0.30729.6161_none_08e61857a83bc251\MSVCR90.dll
0x0000000005120000 - 0x000000000512c000 	C:\Program Files\MATLAB\R2013a\bin\win64\libmwcolamd.dll
0x000000007a290000 - 0x000000007a2a3000 	C:\Program Files\MATLAB\R2013a\bin\win64\libmwblas.dll
0x000000007a310000 - 0x000000007a325000 	C:\Program Files\MATLAB\R2013a\bin\win64\libmwbinder.dll
0x0000000005140000 - 0x000000000514b000 	C:\Program Files\MATLAB\R2013a\bin\win64\libmwompwrapper.dll
0x0000000075820000 - 0x000000007589e000 	C:\Program Files\MATLAB\R2013a\bin\win64\libmwlapack.dll
0x000000007a1b0000 - 0x000000007a1d0000 	C:\Program Files\MATLAB\R2013a\bin\win64\m_pcodeio.dll
0x0000000079b10000 - 0x0000000079b6c000 	C:\Program Files\MATLAB\R2013a\bin\win64\m_ir.dll
0x0000000078ed0000 - 0x0000000079579000 	C:\Program Files\MATLAB\R2013a\bin\win64\m_parser.dll
0x000000007a2f0000 - 0x000000007a307000 	C:\Program Files\MATLAB\R2013a\bin\win64\ir_xfmr.dll
0x0000000005150000 - 0x0000000005160000 	C:\Program Files\MATLAB\R2013a\bin\win64\mtok.dll
0x000000007a130000 - 0x000000007a158000 	C:\Program Files\MATLAB\R2013a\bin\win64\m_pcodegen.dll
0x0000000079fb0000 - 0x0000000079fdf000 	C:\Program Files\MATLAB\R2013a\bin\win64\libmwbridge.dll
0x0000000074f40000 - 0x0000000074ff6000 	C:\Program Files\MATLAB\R2013a\bin\win64\udd.dll
0x0000000073cc0000 - 0x0000000073e0e000 	C:\Program Files\MATLAB\R2013a\bin\win64\libmwgui.dll
0x000000007a1d0000 - 0x000000007a1f4000 	C:\Program Files\MATLAB\R2013a\bin\win64\graphics_util.dll
0x000007feefb60000 - 0x000007feefc18000 	C:\Program Files\MATLAB\R2013a\bin\win64\libtex_base.dll
0x0000000005160000 - 0x0000000005aa3000 	C:\Program Files\MATLAB\R2013a\bin\win64\hg.dll
0x0000000076100000 - 0x000000007615a000 	C:\Program Files\MATLAB\R2013a\bin\win64\libmat.dll
0x0000000072d30000 - 0x0000000072f38000 	C:\Program Files\MATLAB\R2013a\bin\win64\hdf5dll.dll
0x0000000075710000 - 0x00000000757d8000 	C:\Program Files\MATLAB\R2013a\bin\win64\jmi.dll
0x0000000005ac0000 - 0x0000000005ace000 	C:\Program Files\MATLAB\R2013a\bin\win64\nativejava_services.dll
0x0000000005ad0000 - 0x0000000005b10000 	C:\Program Files\MATLAB\R2013a\bin\win64\libmwhardcopy.dll
0x0000000075c70000 - 0x0000000075cce000 	C:\Program Files\MATLAB\R2013a\bin\win64\libuij.dll
0x0000000072f50000 - 0x000000007318f000 	C:\Program Files\MATLAB\R2013a\bin\win64\hgdatatypes.dll
0x0000000005b10000 - 0x0000000005bfb000 	C:\Program Files\MATLAB\R2013a\bin\win64\hgutils.dll
0x0000000005c00000 - 0x0000000005cae000 	C:\Program Files\MATLAB\R2013a\bin\win64\udd_mi.dll
0x0000000005cb0000 - 0x0000000005ce6000 	C:\Program Files\MATLAB\R2013a\bin\win64\libmwgbtutils.dll
0x0000000005cf0000 - 0x0000000005d04000 	C:\Program Files\MATLAB\R2013a\bin\win64\libmwgbt.dll
0x0000000005d10000 - 0x0000000005fde000 	C:\Program Files\MATLAB\R2013a\bin\win64\uiw.dll
0x0000000005fe0000 - 0x0000000005fe9000 	C:\Program Files\MATLAB\R2013a\bin\win64\uinone.dll
0x0000000005ff0000 - 0x0000000006016000 	C:\Program Files\MATLAB\R2013a\bin\win64\libmwnativefiledialogs.dll
0x0000000006020000 - 0x000000000602c000 	C:\Program Files\MATLAB\R2013a\bin\win64\libmwplatform_res.dll
0x000007fef4000000 - 0x000007fef4018000 	C:\Windows\system32\MPR.dll
0x000000006cd00000 - 0x000000006d25d000 	C:\Program Files\MATLAB\R2013a\bin\win64\mfc100.dll
0x000007fefc980000 - 0x000007fefc987000 	C:\Windows\system32\MSIMG32.dll
0x000007fefa5d0000 - 0x000007fefa641000 	C:\Windows\system32\WINSPOOL.DRV
0x0000000006030000 - 0x000000000604d000 	C:\Program Files\MATLAB\R2013a\bin\win64\mwoles05.DLL
0x0000000006050000 - 0x00000000060bc000 	C:\Program Files\MATLAB\R2013a\bin\win64\comcli.dll
0x000000006e4b0000 - 0x000000006e4db000 	C:\Program Files\MATLAB\R2013a\bin\win64\ATL100.DLL
0x00000000060c0000 - 0x00000000060cc000 	C:\Program Files\MATLAB\R2013a\bin\win64\mlautoregister.dll
0x00000000060d0000 - 0x0000000006226000 	C:\Program Files\MATLAB\R2013a\bin\win64\mvm.dll
0x000007fefd560000 - 0x000007fefd5b7000 	C:\Windows\system32\apphelp.dll
0x000007fef15a0000 - 0x000007fef15f1000 	C:\Windows\AppPatch\AppPatch64\AcGenral.DLL
0x000007fefd530000 - 0x000007fefd555000 	C:\Windows\system32\SspiCli.dll
0x0000000071a20000 - 0x0000000071a23000 	C:\Windows\system32\sfc.dll
0x000007fef3cc0000 - 0x000007fef3cd0000 	C:\Windows\system32\sfc_os.DLL
0x000007fefd840000 - 0x000007fefd85e000 	C:\Windows\system32\USERENV.dll
0x000007fefd760000 - 0x000007fefd76f000 	C:\Windows\system32\profapi.dll

VM Arguments:
jvm_args: -XX:PermSize=32m -Xms64m -XX:NewRatio=3 -XX:MaxPermSize=128m -Xmx3134m -XX:MaxDirectMemorySize=2147400000 -Dsun.java2d.noddraw=true -Dsun.awt.nopixfmt=true -Xshare:off -Xrs -Dsun.awt.disableMixing=true -Djava.library.path=C:\Program Files\MATLAB\R2013a\bin\win64;C:\Program Files\MATLAB\R2013a\sys\jxbrowser\win64\lib vfprintf abort -XX:ParallelGCThreads=6 
java_command: <unknown>
Launcher Type: generic

Environment Variables:
CLASSPATH=.;C:\Program Files (x86)\Java\jre6\lib\ext\QTJava.zip
PATH=C:\Program Files\Common Files\Microsoft Shared\Windows Live;C:\Program Files (x86)\Common Files\Microsoft Shared\Windows Live;C:\Program Files (x86)\NVIDIA Corporation\PhysX\Common;C:\Windows\system32;C:\Windows;C:\Windows\System32\Wbem;C:\Windows\System32\WindowsPowerShell\v1.0\;C:\Program Files\MATLAB\R2013a\runtime\win64;C:\Program Files\MATLAB\R2013a\bin;C:\Program Files (x86)\QuickTime\QTSystem\;C:\Program Files (x86)\Windows Kits\8.1\Windows Performance Toolkit\;C:\Program Files\Microsoft SQL Server\110\Tools\Binn\;C:\Program Files (x86)\ASUS\Bluetooth Software\;C:\Program Files (x86)\ASUS\Bluetooth Software\syswow64;C:\Program Files (x86)\Windows Live\Shared;C:\Program Files (x86)\Microsoft SDKs\TypeScript\1.0\
USERNAME=jgrooms
OS=Windows_NT
PROCESSOR_IDENTIFIER=Intel64 Family 6 Model 44 Stepping 2, GenuineIntel



---------------  S Y S T E M  ---------------

OS: Windows 7 Build 7601 Service Pack 1

CPU:total 12 (16 cores per cpu, 2 threads per core) family 6 model 44 stepping 2, cmov, cx8, fxsr, mmx, sse, sse2, sse3, ssse3, sse4.1, sse4.2, ht

Memory: 4k page, physical 25156784k(18395952k free), swap 50311704k(43140876k free)

vm_info: Java HotSpot(TM) 64-Bit Server VM (14.3-b01) for windows-amd64 JRE (1.6.0_17-b04), built on Oct 11 2009 00:46:08 by "java_re" with MS VC++ 8.0

time: Wed Jul 16 12:59:59 2014
elapsed time: 27 seconds

