#
# A fatal error has been detected by the Java Runtime Environment:
#
#  EXCEPTION_ACCESS_VIOLATION (0xc0000005) at pc=0x0000000072de0a94, pid=12624, tid=8604
#
# JRE version: 6.0_17-b04
# Java VM: Java HotSpot(TM) 64-Bit Server VM (14.3-b01 mixed mode windows-amd64 )
# Problematic frame:
# C  [hdf5dll.dll+0xb0a94]
#
# If you would like to submit a bug report, please visit:
#   http://java.sun.com/webapps/bugreport/crash.jsp
# The crash happened outside the Java Virtual Machine in native code.
# See problematic frame for where to report the bug.
#

---------------  T H R E A D  ---------------

Current thread (0x0000000006656000):  JavaThread "main" [_thread_in_native, id=8604, stack(0x0000000000030000,0x0000000004030000)]

siginfo: ExceptionCode=0xc0000005, writing address 0x0000000000000090

Registers:
EAX=0x0000000000000001, EBX=0x000000007d1c0670, ECX=0x0000000000000000, EDX=0x0000000000000001
ESP=0x0000000004028850, EBP=0x000000007d22fae0, ESI=0x000000007d6c5ba0, EDI=0x000000007d1c0670
EIP=0x0000000072de0a94, EFLAGS=0x0000000000010202

Top of Stack: (sp=0x0000000004028850)
0x0000000004028850:   0000000000000080 0000000000000080
0x0000000004028860:   00000000000002c9 0000000072eef6f8
0x0000000004028870:   000000000b000000 000000000c000011
0x0000000004028880:   000000000c00001f 000000002ddac710
0x0000000004028890:   0000000004028d20 0000000072deeb85
0x00000000040288a0:   0000000000000000 000000007d6c5ba0
0x00000000040288b0:   0000000000000001 0000000072eb7cc6
0x00000000040288c0:   000000000a000008 000000007d22fae0
0x00000000040288d0:   000000007d1c0670 0000000004028930
0x00000000040288e0:   0000000000000000 0000000072defc87
0x00000000040288f0:   0000000000000000 0000000000000100
0x0000000004028900:   000000000a000008 00000000000005b8
0x0000000004028910:   000000000b000000 000000000c000011
0x0000000004028920:   000000000c00001f 0000000072eefbc0
0x0000000004028930:   0000000000100010 0000000000116af8
0x0000000004028940:   00000000000000c0 00030001444f4e53 

Instructions: (pc=0x0000000072de0a94)
0x0000000072de0a84:   8b 05 6e 4d 14 00 ba 01 00 00 00 85 c0 0f 44 c2
0x0000000072de0a94:   48 ff 89 90 00 00 00 89 05 57 4d 14 00 75 56 e8 


Stack: [0x0000000000030000,0x0000000004030000],  sp=0x0000000004028850,  free space=65506k
Native frames: (J=compiled Java code, j=interpreted, Vv=VM code, C=native code)
C  [hdf5dll.dll+0xb0a94]

Java frames: (J=compiled Java code, j=interpreted, Vv=VM code)
j  com.mathworks.mlwidgets.explorer.extensions.matlab.MATFileUtils.nativeGetNext(JLcom/mathworks/mlwidgets/explorer/extensions/matlab/MATFileUtils$StringFunctionInvoker;)Lcom/mathworks/mlwidgets/explorer/extensions/matlab/Variable;+0
j  com.mathworks.mlwidgets.explorer.extensions.matlab.MATFileUtils.read(Ljava/io/File;Lcom/mathworks/util/AsyncReceiver;)V+34
j  com.mathworks.mlwidgets.explorer.extensions.matlab.MATFileDetailPanelData$1.run()V+56
j  com.mathworks.jmi.NativeMatlab.dispatchMTRequests(Z)V+57
v  ~StubRoutines::call_stub

---------------  P R O C E S S  ---------------

Java Threads: ( => current thread )
  0x00000000704e7000 JavaThread "Unnamed RequestAggregator Timer" daemon [_thread_blocked, id=8104, stack(0x00000000c4000000,0x00000000c8000000)]
  0x00000000704e8800 JavaThread "FileDecorationCache request queue" daemon [_thread_blocked, id=12148, stack(0x0000000130000000,0x0000000134000000)]
  0x00000000704e3800 JavaThread "Swing-Shell" daemon [_thread_blocked, id=11460, stack(0x0000000134000000,0x0000000138000000)]
  0x00000000704e5800 JavaThread "Inactive RequestProcessor thread [Was:TimedSoftReference/org.openide.util.TimedSoftReference]" daemon [_thread_blocked, id=6300, stack(0x0000000094000000,0x0000000098000000)]
  0x00000000704e6000 JavaThread "Timer-2" daemon [_thread_blocked, id=11332, stack(0x0000000140030000,0x0000000144030000)]
  0x00000000704e9000 JavaThread "com.jniwrapper.NativeResourceCollector" daemon [_thread_blocked, id=13256, stack(0x0000000138000000,0x000000013c000000)]
  0x00000000704e2800 JavaThread "Code Analyzer updating thread" [_thread_blocked, id=7340, stack(0x0000000124000000,0x0000000128000000)]
  0x00000000704e2000 JavaThread "Code Analyzer updating thread" [_thread_blocked, id=8412, stack(0x0000000120000000,0x0000000124000000)]
  0x00000000704e1000 JavaThread "Code Analyzer updating thread" [_thread_blocked, id=8564, stack(0x000000011c000000,0x0000000120000000)]
  0x00000000704e0800 JavaThread "Code Analyzer updating thread" [_thread_blocked, id=10420, stack(0x0000000118000000,0x000000011c000000)]
  0x00000000704df800 JavaThread "Code Analyzer updating thread" [_thread_blocked, id=12716, stack(0x0000000114000000,0x0000000118000000)]
  0x00000000704df000 JavaThread "Code Analyzer updating thread" [_thread_blocked, id=12972, stack(0x0000000110000000,0x0000000114000000)]
  0x00000000704de800 JavaThread "Code Analyzer updating thread" [_thread_blocked, id=11448, stack(0x000000010c000000,0x0000000110000000)]
  0x00000000704dd800 JavaThread "Code Analyzer updating thread" [_thread_blocked, id=6996, stack(0x0000000108000000,0x000000010c000000)]
  0x00000000704dd000 JavaThread "Code Analyzer updating thread" [_thread_blocked, id=8596, stack(0x0000000104000000,0x0000000108000000)]
  0x00000000704dc000 JavaThread "Code Analyzer updating thread" [_thread_blocked, id=10988, stack(0x0000000100000000,0x0000000104000000)]
  0x00000000704db800 JavaThread "Code Analyzer updating thread" [_thread_blocked, id=11748, stack(0x00000000fc000000,0x0000000100000000)]
  0x000000006b0cb800 JavaThread "Code Analyzer updating thread" [_thread_blocked, id=11932, stack(0x00000000f8000000,0x00000000fc000000)]
  0x000000006b0cb000 JavaThread "Code Analyzer updating thread" [_thread_blocked, id=13204, stack(0x00000000f4000000,0x00000000f8000000)]
  0x000000006b0ca000 JavaThread "Code Analyzer updating thread" [_thread_blocked, id=1584, stack(0x00000000f0000000,0x00000000f4000000)]
  0x000000006b0c8800 JavaThread "Code Analyzer updating thread" [_thread_blocked, id=9400, stack(0x00000000ec000000,0x00000000f0000000)]
  0x000000006b0c8000 JavaThread "Code Analyzer updating thread" [_thread_blocked, id=7588, stack(0x00000000e8000000,0x00000000ec000000)]
  0x000000006b0c7000 JavaThread "Code Analyzer updating thread" [_thread_blocked, id=8636, stack(0x00000000e4000000,0x00000000e8000000)]
  0x000000006b0bf800 JavaThread "Code Analyzer updating thread" [_thread_blocked, id=12832, stack(0x00000000b8000000,0x00000000bc000000)]
  0x000000006b0c6800 JavaThread "Code Analyzer updating thread" [_thread_blocked, id=11992, stack(0x00000000e0000000,0x00000000e4000000)]
  0x000000006b0c6000 JavaThread "Code Analyzer updating thread" [_thread_blocked, id=12236, stack(0x00000000dc000000,0x00000000e0000000)]
  0x000000006b0c5000 JavaThread "Code Analyzer updating thread" [_thread_blocked, id=10916, stack(0x00000000d8000000,0x00000000dc000000)]
  0x000000006b0c4800 JavaThread "Active Reference Queue Daemon" daemon [_thread_blocked, id=1368, stack(0x00000000d4000000,0x00000000d8000000)]
  0x000000006b0c3800 JavaThread "Timer-1" daemon [_thread_blocked, id=7812, stack(0x00000000d0000000,0x00000000d4000000)]
  0x000000006b0c3000 JavaThread "ClipboardMonitor Timer" daemon [_thread_blocked, id=3104, stack(0x00000000cc000000,0x00000000d0000000)]
  0x000000006b0c2000 JavaThread "Explorer NavigationContext request queue" daemon [_thread_blocked, id=10508, stack(0x00000000c8000000,0x00000000cc000000)]
  0x000000006b0c0800 JavaThread "AddressBar directory emptiness poller" daemon [_thread_blocked, id=12060, stack(0x00000000c0000000,0x00000000c4000000)]
  0x000000006b0c0000 JavaThread "Explorer Refresh Service 1361585927" daemon [_thread_blocked, id=13056, stack(0x00000000bc000000,0x00000000c0000000)]
  0x000000006b0be800 JavaThread "Thread-4" daemon [_thread_blocked, id=12668, stack(0x00000000b4000000,0x00000000b8000000)]
  0x000000006b0be000 JavaThread "TimerQueue" daemon [_thread_blocked, id=8536, stack(0x00000000b0000000,0x00000000b4000000)]
  0x000000006b0bd000 JavaThread "Thread-3" daemon [_thread_blocked, id=3632, stack(0x00000000a0000000,0x00000000a4000000)]
  0x000000006b0bc800 JavaThread "FelixPackageAdmin" daemon [_thread_blocked, id=12980, stack(0x00000000ac000000,0x00000000b0000000)]
  0x000000006acd4000 JavaThread "FelixStartLevel" daemon [_thread_blocked, id=7692, stack(0x00000000a8000000,0x00000000ac000000)]
  0x000000006acd3800 JavaThread "FelixDispatchQueue" daemon [_thread_blocked, id=12888, stack(0x00000000a4000000,0x00000000a8000000)]
  0x000000006ae0d800 JavaThread "AWT-EventQueue-0" [_thread_in_vm, id=11292, stack(0x000000009c000000,0x00000000a0000000)]
  0x000000006abd1800 JavaThread "com.google.common.base.internal.Finalizer" daemon [_thread_blocked, id=8912, stack(0x0000000098000000,0x000000009c000000)]
  0x000000006a951000 JavaThread "AWT-Windows" daemon [_thread_in_native, id=11528, stack(0x0000000090000000,0x0000000094000000)]
  0x000000006a950000 JavaThread "AWT-Shutdown" [_thread_blocked, id=5372, stack(0x000000008c000000,0x0000000090000000)]
  0x000000006a94f800 JavaThread "Java2D Disposer" daemon [_thread_blocked, id=9324, stack(0x0000000088000000,0x000000008c000000)]
  0x000000006a76d000 JavaThread "Timer-0" [_thread_blocked, id=8620, stack(0x0000000084000000,0x0000000088000000)]
  0x000000006a68c800 JavaThread "EventMgr Dispatcher" daemon [_thread_in_native, id=7196, stack(0x0000000080000000,0x0000000084000000)]
  0x000000004961e000 JavaThread "Low Memory Detector" daemon [_thread_blocked, id=9932, stack(0x0000000061660000,0x0000000065660000)]
  0x0000000049617000 JavaThread "CompilerThread1" daemon [_thread_blocked, id=8896, stack(0x000000005d660000,0x0000000061660000)]
  0x0000000049611000 JavaThread "CompilerThread0" daemon [_thread_blocked, id=1172, stack(0x0000000059660000,0x000000005d660000)]
  0x000000004960c000 JavaThread "Attach Listener" daemon [_thread_blocked, id=11100, stack(0x0000000055660000,0x0000000059660000)]
  0x00000000495a8800 JavaThread "Finalizer" daemon [_thread_blocked, id=3700, stack(0x0000000051660000,0x0000000055660000)]
  0x00000000495a7800 JavaThread "Reference Handler" daemon [_thread_blocked, id=12300, stack(0x000000004d660000,0x0000000051660000)]
=>0x0000000006656000 JavaThread "main" [_thread_in_native, id=8604, stack(0x0000000000030000,0x0000000004030000)]

Other Threads:
  0x00000000495a3000 VMThread [stack: 0x0000000049660000,0x000000004d660000] [id=11016]
  0x000000004963e800 WatcherThread [stack: 0x0000000065660000,0x0000000069660000] [id=9292]

VM state:not at safepoint (normal execution)

VM Mutex/Monitor currently owned by a thread: None

Heap
 PSYoungGen      total 191296K, used 152805K [0x000000021ae90000, 0x0000000228bf0000, 0x000000024be10000)
  eden space 157824K, 83% used [0x000000021ae90000,0x0000000222ecad78,0x00000002248b0000)
  from space 33472K, 64% used [0x0000000226b40000,0x000000022803e8c8,0x0000000228bf0000)
  to   space 34432K, 0% used [0x00000002248b0000,0x00000002248b0000,0x0000000226a50000)
 PSOldGen        total 130688K, used 73124K [0x0000000188010000, 0x000000018ffb0000, 0x000000021ae90000)
  object space 130688K, 55% used [0x0000000188010000,0x000000018c779070,0x000000018ffb0000)
 PSPermGen       total 118720K, used 72737K [0x0000000180010000, 0x0000000187400000, 0x0000000188010000)
  object space 118720K, 61% used [0x0000000180010000,0x0000000184718740,0x0000000187400000)

Dynamic libraries:
0x0000000140000000 - 0x0000000140028000 	C:\Program Files\MATLAB\R2013a\bin\win64\MATLAB.exe
0x0000000077930000 - 0x0000000077ad9000 	C:\Windows\SYSTEM32\ntdll.dll
0x0000000077810000 - 0x000000007792f000 	C:\Windows\system32\kernel32.dll
0x000007fefdab0000 - 0x000007fefdb1c000 	C:\Windows\system32\KERNELBASE.dll
0x0000000074460000 - 0x0000000074515000 	C:\Program Files\MATLAB\R2013a\bin\win64\libut.dll
0x00000000758a0000 - 0x000000007595f000 	C:\Program Files\MATLAB\R2013a\bin\win64\libmwi18n.dll
0x0000000180000000 - 0x000000018000d000 	C:\Program Files\MATLAB\R2013a\bin\win64\libmwresource_core.dll
0x0000000071260000 - 0x00000000712f8000 	C:\Program Files\MATLAB\R2013a\bin\win64\MSVCP100.dll
0x0000000071180000 - 0x0000000071252000 	C:\Program Files\MATLAB\R2013a\bin\win64\MSVCR100.dll
0x00000000715d0000 - 0x00000000715de000 	C:\Program Files\MATLAB\R2013a\bin\win64\boost_date_time-vc100-mt-1_49.dll
0x00000000713a0000 - 0x00000000713cc000 	C:\Program Files\MATLAB\R2013a\bin\win64\boost_filesystem-vc100-mt-1_49.dll
0x0000000071390000 - 0x0000000071399000 	C:\Program Files\MATLAB\R2013a\bin\win64\boost_system-vc100-mt-1_49.dll
0x000007feff3f0000 - 0x000007feff4cb000 	C:\Windows\system32\ADVAPI32.dll
0x000007fefef20000 - 0x000007fefefbf000 	C:\Windows\system32\msvcrt.dll
0x000007feff3b0000 - 0x000007feff3cf000 	C:\Windows\SYSTEM32\sechost.dll
0x000007feff520000 - 0x000007feff64d000 	C:\Windows\system32\RPCRT4.dll
0x0000000071360000 - 0x0000000071385000 	C:\Program Files\MATLAB\R2013a\bin\win64\LIBEXPAT.dll
0x000000006e870000 - 0x000000006e9fa000 	C:\Program Files\MATLAB\R2013a\bin\win64\icuin49.dll
0x0000000071040000 - 0x000000007117e000 	C:\Program Files\MATLAB\R2013a\bin\win64\icuuc49.dll
0x000000000fd60000 - 0x0000000010e82000 	C:\Program Files\MATLAB\R2013a\bin\win64\icudt49.dll
0x0000000071350000 - 0x0000000071360000 	C:\Program Files\MATLAB\R2013a\bin\win64\icuio49.dll
0x0000000073f70000 - 0x0000000074112000 	C:\Program Files\MATLAB\R2013a\bin\win64\libmwfl.dll
0x000000007a350000 - 0x000000007a737000 	C:\Program Files\MATLAB\R2013a\bin\win64\libmwMATLAB_res.dll
0x000000006e790000 - 0x000000006e86f000 	C:\Program Files\MATLAB\R2013a\bin\win64\boost_regex-vc100-mt-1_49.dll
0x0000000077710000 - 0x000000007780a000 	C:\Windows\system32\USER32.dll
0x000007feff760000 - 0x000007feff7c7000 	C:\Windows\system32\GDI32.dll
0x000007feff3d0000 - 0x000007feff3de000 	C:\Windows\system32\LPK.dll
0x000007fefdb20000 - 0x000007fefdbe9000 	C:\Windows\system32\USP10.dll
0x000000006e770000 - 0x000000006e781000 	C:\Program Files\MATLAB\R2013a\bin\win64\boost_signals-vc100-mt-1_49.dll
0x000000006e750000 - 0x000000006e761000 	C:\Program Files\MATLAB\R2013a\bin\win64\boost_thread-vc100-mt-1_49.dll
0x000007fef1150000 - 0x000007fef11dc000 	C:\Program Files\MATLAB\R2013a\bin\win64\boost_log-vc100-mt-1_49.dll
0x0000000077b00000 - 0x0000000077b07000 	C:\Windows\system32\PSAPI.DLL
0x000007feff4d0000 - 0x000007feff51d000 	C:\Windows\system32\WS2_32.dll
0x000007feff3e0000 - 0x000007feff3e8000 	C:\Windows\system32\NSI.dll
0x000007fef1710000 - 0x000007fef1743000 	C:\Program Files\MATLAB\R2013a\bin\win64\tbb.dll
0x000007feff390000 - 0x000007feff3a9000 	C:\Windows\system32\imagehlp.dll
0x000007fefbae0000 - 0x000007fefbb0c000 	C:\Windows\system32\POWRPROF.dll
0x000007fefed40000 - 0x000007fefef17000 	C:\Windows\system32\SETUPAPI.dll
0x000007fefda10000 - 0x000007fefda46000 	C:\Windows\system32\CFGMGR32.dll
0x000007feff930000 - 0x000007feffa07000 	C:\Windows\system32\OLEAUT32.dll
0x000007fefea90000 - 0x000007fefec93000 	C:\Windows\system32\ole32.dll
0x000007fefd860000 - 0x000007fefd87a000 	C:\Windows\system32\DEVOBJ.dll
0x0000000004110000 - 0x0000000004131000 	C:\Program Files\MATLAB\R2013a\bin\win64\libmwmfl_scalar.dll
0x000007feefcf0000 - 0x000007feefe15000 	C:\Windows\system32\dbghelp.dll
0x0000000004310000 - 0x000000000463f000 	C:\Program Files\MATLAB\R2013a\bin\win64\libmwservices.dll
0x0000000075a20000 - 0x0000000075b0b000 	C:\Program Files\MATLAB\R2013a\bin\win64\libmx.dll
0x000007fefafd0000 - 0x000007fefaff8000 	C:\Program Files\MATLAB\R2013a\bin\win64\tbbmalloc.dll
0x000000006e730000 - 0x000000006e747000 	C:\Program Files\MATLAB\R2013a\bin\win64\zlib1.dll
0x0000000004140000 - 0x000000000418e000 	C:\Program Files\MATLAB\R2013a\bin\win64\libmwregexp.dll
0x0000000075f10000 - 0x0000000075f57000 	C:\Program Files\MATLAB\R2013a\bin\win64\mpath.dll
0x000000007b680000 - 0x000000007bc66000 	C:\Program Files\MATLAB\R2013a\bin\win64\mlutil.dll
0x00000000754d0000 - 0x0000000075547000 	C:\Program Files\MATLAB\R2013a\bin\win64\xmlcore.dll
0x000000006e4e0000 - 0x000000006e721000 	C:\Program Files\MATLAB\R2013a\bin\win64\xerces-c_2_7.dll
0x00000000041a0000 - 0x00000000041c2000 	C:\Program Files\MATLAB\R2013a\bin\win64\libmwMATLAB_settings_res.dll
0x000007fefb040000 - 0x000007fefb050000 	C:\Program Files\MATLAB\R2013a\bin\win64\boost_iostreams-vc100-mt-1_49.dll
0x000007fef1100000 - 0x000007fef1146000 	C:\Program Files\MATLAB\R2013a\bin\win64\boost_serialization-vc100-mt-1_49.dll
0x000007fefdca0000 - 0x000007fefea28000 	C:\Windows\system32\SHELL32.dll
0x000007fefefc0000 - 0x000007feff031000 	C:\Windows\system32\SHLWAPI.dll
0x00000000041d0000 - 0x00000000041d6000 	C:\Program Files\MATLAB\R2013a\bin\win64\libmwnativedisplay.dll
0x000007fef92b0000 - 0x000007fef9350000 	C:\Windows\WinSxS\amd64_microsoft.windows.common-controls_6595b64144ccf1df_5.82.7601.18201_none_a4d3b9377117c3df\COMCTL32.dll
0x000007feff040000 - 0x000007feff0d7000 	C:\Windows\system32\COMDLG32.dll
0x000007fefac90000 - 0x000007fefaca6000 	C:\Windows\system32\NETAPI32.dll
0x000007fefcd20000 - 0x000007fefcd2c000 	C:\Windows\system32\netutils.dll
0x000007fefd2c0000 - 0x000007fefd2e3000 	C:\Windows\system32\srvcli.dll
0x000007fefabf0000 - 0x000007fefac05000 	C:\Windows\system32\wkscli.dll
0x0000000074970000 - 0x0000000074a18000 	C:\Program Files\MATLAB\R2013a\bin\win64\mcr.dll
0x0000000075000000 - 0x00000000753b1000 	C:\Program Files\MATLAB\R2013a\bin\win64\iqm.dll
0x0000000074e80000 - 0x0000000074f30000 	C:\Program Files\MATLAB\R2013a\bin\win64\m_dispatcher.dll
0x0000000004640000 - 0x0000000004e48000 	C:\Program Files\MATLAB\R2013a\bin\win64\m_interpreter.dll
0x00000000041e0000 - 0x0000000004204000 	C:\Program Files\MATLAB\R2013a\bin\win64\libmex.dll
0x0000000075430000 - 0x00000000754ab000 	C:\Program Files\MATLAB\R2013a\bin\win64\profiler.dll
0x0000000004e50000 - 0x00000000050d3000 	C:\Program Files\MATLAB\R2013a\bin\win64\libmwmathutil.dll
0x0000000079f40000 - 0x0000000079f66000 	C:\Program Files\MATLAB\R2013a\bin\win64\libmwmathrng.dll
0x00000000050e0000 - 0x00000000050f0000 	C:\Program Files\MATLAB\R2013a\bin\win64\libmwmfl_rng.dll
0x0000000074c10000 - 0x0000000074cf8000 	C:\Program Files\MATLAB\R2013a\bin\win64\libmwmathcore.dll
0x0000000076160000 - 0x00000000761c3000 	C:\Program Files\MATLAB\R2013a\bin\win64\libmwspmatrix.dll
0x000000007b0a0000 - 0x000000007b2f6000 	C:\Program Files\MATLAB\R2013a\bin\win64\mcos.dll
0x0000000075ea0000 - 0x0000000075f02000 	C:\Program Files\MATLAB\R2013a\bin\win64\libmwcholmod.dll
0x0000000005100000 - 0x000000000510d000 	C:\Program Files\MATLAB\R2013a\bin\win64\libmwamd.dll
0x000000006d810000 - 0x000000006d8b3000 	C:\Windows\WinSxS\amd64_microsoft.vc90.crt_1fc8b3b9a1e18e3b_9.0.30729.6161_none_08e61857a83bc251\MSVCR90.dll
0x0000000005120000 - 0x000000000512c000 	C:\Program Files\MATLAB\R2013a\bin\win64\libmwcolamd.dll
0x000000007a290000 - 0x000000007a2a3000 	C:\Program Files\MATLAB\R2013a\bin\win64\libmwblas.dll
0x000000007a310000 - 0x000000007a325000 	C:\Program Files\MATLAB\R2013a\bin\win64\libmwbinder.dll
0x0000000005140000 - 0x000000000514b000 	C:\Program Files\MATLAB\R2013a\bin\win64\libmwompwrapper.dll
0x0000000075820000 - 0x000000007589e000 	C:\Program Files\MATLAB\R2013a\bin\win64\libmwlapack.dll
0x000000007a1b0000 - 0x000000007a1d0000 	C:\Program Files\MATLAB\R2013a\bin\win64\m_pcodeio.dll
0x0000000079b10000 - 0x0000000079b6c000 	C:\Program Files\MATLAB\R2013a\bin\win64\m_ir.dll
0x0000000078ed0000 - 0x0000000079579000 	C:\Program Files\MATLAB\R2013a\bin\win64\m_parser.dll
0x000000007a2f0000 - 0x000000007a307000 	C:\Program Files\MATLAB\R2013a\bin\win64\ir_xfmr.dll
0x0000000005150000 - 0x0000000005160000 	C:\Program Files\MATLAB\R2013a\bin\win64\mtok.dll
0x000000007a130000 - 0x000000007a158000 	C:\Program Files\MATLAB\R2013a\bin\win64\m_pcodegen.dll
0x0000000079fb0000 - 0x0000000079fdf000 	C:\Program Files\MATLAB\R2013a\bin\win64\libmwbridge.dll
0x0000000074f40000 - 0x0000000074ff6000 	C:\Program Files\MATLAB\R2013a\bin\win64\udd.dll
0x0000000073cc0000 - 0x0000000073e0e000 	C:\Program Files\MATLAB\R2013a\bin\win64\libmwgui.dll
0x000000007a1d0000 - 0x000000007a1f4000 	C:\Program Files\MATLAB\R2013a\bin\win64\graphics_util.dll
0x000007feefb60000 - 0x000007feefc18000 	C:\Program Files\MATLAB\R2013a\bin\win64\libtex_base.dll
0x0000000005160000 - 0x0000000005aa3000 	C:\Program Files\MATLAB\R2013a\bin\win64\hg.dll
0x0000000076100000 - 0x000000007615a000 	C:\Program Files\MATLAB\R2013a\bin\win64\libmat.dll
0x0000000072d30000 - 0x0000000072f38000 	C:\Program Files\MATLAB\R2013a\bin\win64\hdf5dll.dll
0x0000000075710000 - 0x00000000757d8000 	C:\Program Files\MATLAB\R2013a\bin\win64\jmi.dll
0x0000000005ac0000 - 0x0000000005ace000 	C:\Program Files\MATLAB\R2013a\bin\win64\nativejava_services.dll
0x0000000005ad0000 - 0x0000000005b10000 	C:\Program Files\MATLAB\R2013a\bin\win64\libmwhardcopy.dll
0x0000000075c70000 - 0x0000000075cce000 	C:\Program Files\MATLAB\R2013a\bin\win64\libuij.dll
0x0000000072f50000 - 0x000000007318f000 	C:\Program Files\MATLAB\R2013a\bin\win64\hgdatatypes.dll
0x0000000005b10000 - 0x0000000005bfb000 	C:\Program Files\MATLAB\R2013a\bin\win64\hgutils.dll
0x0000000005c00000 - 0x0000000005cae000 	C:\Program Files\MATLAB\R2013a\bin\win64\udd_mi.dll
0x0000000005cb0000 - 0x0000000005ce6000 	C:\Program Files\MATLAB\R2013a\bin\win64\libmwgbtutils.dll
0x0000000005cf0000 - 0x0000000005d04000 	C:\Program Files\MATLAB\R2013a\bin\win64\libmwgbt.dll
0x0000000005d10000 - 0x0000000005fde000 	C:\Program Files\MATLAB\R2013a\bin\win64\uiw.dll
0x0000000005fe0000 - 0x0000000005fe9000 	C:\Program Files\MATLAB\R2013a\bin\win64\uinone.dll
0x0000000005ff0000 - 0x0000000006016000 	C:\Program Files\MATLAB\R2013a\bin\win64\libmwnativefiledialogs.dll
0x0000000006020000 - 0x000000000602c000 	C:\Program Files\MATLAB\R2013a\bin\win64\libmwplatform_res.dll
0x000007fef4000000 - 0x000007fef4018000 	C:\Windows\system32\MPR.dll
0x000000006cd00000 - 0x000000006d25d000 	C:\Program Files\MATLAB\R2013a\bin\win64\mfc100.dll
0x000007fefc980000 - 0x000007fefc987000 	C:\Windows\system32\MSIMG32.dll
0x000007fefa5d0000 - 0x000007fefa641000 	C:\Windows\system32\WINSPOOL.DRV
0x0000000006030000 - 0x000000000604d000 	C:\Program Files\MATLAB\R2013a\bin\win64\mwoles05.DLL
0x0000000006050000 - 0x00000000060bc000 	C:\Program Files\MATLAB\R2013a\bin\win64\comcli.dll
0x000000006e4b0000 - 0x000000006e4db000 	C:\Program Files\MATLAB\R2013a\bin\win64\ATL100.DLL
0x00000000060c0000 - 0x00000000060cc000 	C:\Program Files\MATLAB\R2013a\bin\win64\mlautoregister.dll
0x00000000060d0000 - 0x0000000006226000 	C:\Program Files\MATLAB\R2013a\bin\win64\mvm.dll
0x000007fefd560000 - 0x000007fefd5b7000 	C:\Windows\system32\apphelp.dll
0x000007fef15a0000 - 0x000007fef15f1000 	C:\Windows\AppPatch\AppPatch64\AcGenral.DLL
0x000007fefd530000 - 0x000007fefd555000 	C:\Windows\system32\SspiCli.dll
0x0000000071a20000 - 0x0000000071a23000 	C:\Windows\system32\sfc.dll
0x000007fef3cc0000 - 0x000007fef3cd0000 	C:\Windows\system32\sfc_os.DLL
0x000007fefd840000 - 0x000007fefd85e000 	C:\Windows\system32\USERENV.dll
0x000007fefd760000 - 0x000007fefd76f000 	C:\Windows\system32\profapi.dll

VM Arguments:
jvm_args: -XX:PermSize=32m -Xms64m -XX:NewRatio=3 -XX:MaxPermSize=128m -Xmx3134m -XX:MaxDirectMemorySize=2147400000 -Dsun.java2d.noddraw=true -Dsun.awt.nopixfmt=true -Xshare:off -Xrs -Dsun.awt.disableMixing=true -Djava.library.path=C:\Program Files\MATLAB\R2013a\bin\win64;C:\Program Files\MATLAB\R2013a\sys\jxbrowser\win64\lib vfprintf abort -XX:ParallelGCThreads=6 
java_command: <unknown>
Launcher Type: generic

Environment Variables:
CLASSPATH=.;C:\Program Files (x86)\Java\jre6\lib\ext\QTJava.zip
PATH=C:\Program Files\Common Files\Microsoft Shared\Windows Live;C:\Program Files (x86)\Common Files\Microsoft Shared\Windows Live;C:\Program Files (x86)\NVIDIA Corporation\PhysX\Common;C:\Windows\system32;C:\Windows;C:\Windows\System32\Wbem;C:\Windows\System32\WindowsPowerShell\v1.0\;C:\Program Files\MATLAB\R2013a\runtime\win64;C:\Program Files\MATLAB\R2013a\bin;C:\Program Files (x86)\QuickTime\QTSystem\;C:\Program Files (x86)\Windows Kits\8.1\Windows Performance Toolkit\;C:\Program Files\Microsoft SQL Server\110\Tools\Binn\;C:\Program Files (x86)\ASUS\Bluetooth Software\;C:\Program Files (x86)\ASUS\Bluetooth Software\syswow64;C:\Program Files (x86)\Windows Live\Shared;C:\Program Files (x86)\Microsoft SDKs\TypeScript\1.0\
USERNAME=jgrooms
OS=Windows_NT
PROCESSOR_IDENTIFIER=Intel64 Family 6 Model 44 Stepping 2, GenuineIntel



---------------  S Y S T E M  ---------------

OS: Windows 7 Build 7601 Service Pack 1

CPU:total 12 (16 cores per cpu, 2 threads per core) family 6 model 44 stepping 2, cmov, cx8, fxsr, mmx, sse, sse2, sse3, ssse3, sse4.1, sse4.2, ht

Memory: 4k page, physical 25156784k(18959900k free), swap 50311704k(43872800k free)

vm_info: Java HotSpot(TM) 64-Bit Server VM (14.3-b01) for windows-amd64 JRE (1.6.0_17-b04), built on Oct 11 2009 00:46:08 by "java_re" with MS VC++ 8.0

time: Wed Jul 16 12:59:28 2014
elapsed time: 73 seconds

